0 info it worked if it ends with ok
1 verbose cli [ 'node',
1 verbose cli   '/usr/local/bin/npm',
1 verbose cli   'install',
1 verbose cli   '-g',
1 verbose cli   'keybase-installer' ]
2 info using npm@2.1.11
3 info using node@v0.10.33
4 silly cache add args [ 'keybase-installer', null ]
5 verbose cache add spec keybase-installer
6 silly cache add parsed spec { raw: 'keybase-installer',
6 silly cache add   scope: null,
6 silly cache add   name: 'keybase-installer',
6 silly cache add   rawSpec: '',
6 silly cache add   spec: '*',
6 silly cache add   type: 'range' }
7 verbose addNamed keybase-installer@*
8 silly addNamed semver.valid null
9 silly addNamed semver.validRange *
10 silly addNameRange { name: 'keybase-installer', range: '*', hasData: false }
11 silly mapToRegistry name keybase-installer
12 silly mapToRegistry using default registry
13 silly mapToRegistry registry https://registry.npmjs.org/
14 silly mapToRegistry uri https://registry.npmjs.org/keybase-installer
15 verbose addNameRange registry:https://registry.npmjs.org/keybase-installer not in flight; fetching
16 verbose request uri https://registry.npmjs.org/keybase-installer
17 verbose request no auth needed
18 info attempt registry request try #1 at 08:51:45
19 verbose request id 6ecf86467d6b3454
20 http request GET https://registry.npmjs.org/keybase-installer
21 http 200 https://registry.npmjs.org/keybase-installer
22 silly get cb [ 200,
22 silly get   { server: 'CouchDB/1.5.0 (Erlang OTP/R16B03)',
22 silly get     etag: '"4Y8KO8BQOK11AUB8JT661VZ7L"',
22 silly get     'content-type': 'application/json',
22 silly get     'cache-control': 'max-age=60',
22 silly get     'content-length': '28461',
22 silly get     'accept-ranges': 'bytes',
22 silly get     date: 'Wed, 09 Sep 2015 12:51:45 GMT',
22 silly get     via: '1.1 varnish',
22 silly get     age: '0',
22 silly get     connection: 'keep-alive',
22 silly get     'x-served-by': 'cache-iad2131-IAD',
22 silly get     'x-cache': 'HIT',
22 silly get     'x-cache-hits': '1',
22 silly get     'x-timer': 'S1441803105.335396,VS0,VE370',
22 silly get     vary: 'Accept' } ]
23 silly addNameRange number 2 { name: 'keybase-installer', range: '*', hasData: true }
24 silly addNameRange versions [ 'keybase-installer',
24 silly addNameRange   [ '0.1.8',
24 silly addNameRange     '0.1.9',
24 silly addNameRange     '0.1.10',
24 silly addNameRange     '0.1.11',
24 silly addNameRange     '0.1.12',
24 silly addNameRange     '0.1.13',
24 silly addNameRange     '0.1.14',
24 silly addNameRange     '0.1.15',
24 silly addNameRange     '0.1.16',
24 silly addNameRange     '0.1.17',
24 silly addNameRange     '0.1.18',
24 silly addNameRange     '0.1.19',
24 silly addNameRange     '0.1.20',
24 silly addNameRange     '0.1.21',
24 silly addNameRange     '0.1.22',
24 silly addNameRange     '1.0.0',
24 silly addNameRange     '1.0.1',
24 silly addNameRange     '1.0.2',
24 silly addNameRange     '1.0.3' ] ]
25 verbose addNamed keybase-installer@1.0.3
26 silly addNamed semver.valid 1.0.3
27 silly addNamed semver.validRange 1.0.3
28 silly mapToRegistry name keybase-installer
29 silly mapToRegistry using default registry
30 silly mapToRegistry registry https://registry.npmjs.org/
31 silly mapToRegistry uri https://registry.npmjs.org/keybase-installer
32 verbose addRemoteTarball https://registry.npmjs.org/keybase-installer/-/keybase-installer-1.0.3.tgz not in flight; adding
33 verbose addRemoteTarball [ 'https://registry.npmjs.org/keybase-installer/-/keybase-installer-1.0.3.tgz',
33 verbose addRemoteTarball   '54a9aa5d9850f667f1c9a00609fe1faf4e8f3582' ]
34 info retry fetch attempt 1 at 08:51:45
35 info attempt registry request try #1 at 08:51:45
36 http fetch GET https://registry.npmjs.org/keybase-installer/-/keybase-installer-1.0.3.tgz
37 http fetch 200 https://registry.npmjs.org/keybase-installer/-/keybase-installer-1.0.3.tgz
38 silly fetchAndShaCheck shasum 54a9aa5d9850f667f1c9a00609fe1faf4e8f3582
39 verbose addTmpTarball /var/folders/3f/5m8qvp2n03q17d3p_8w4xbww0000gn/T/npm-74893-5ac11b50/registry.npmjs.org/keybase-installer/-/keybase-installer-1.0.3.tgz not in flight; adding
40 verbose addTmpTarball already have metadata; skipping unpack for keybase-installer@1.0.3
41 silly cache afterAdd keybase-installer@1.0.3
42 verbose afterAdd /Users/thomashils/.npm/keybase-installer/1.0.3/package/package.json not in flight; writing
43 verbose afterAdd /Users/thomashils/.npm/keybase-installer/1.0.3/package/package.json written
44 silly install resolved [ { name: 'keybase-installer',
44 silly install resolved     version: '1.0.3',
44 silly install resolved     description: 'Trusted installer/updater for keybase',
44 silly install resolved     scripts: { test: 'make test' },
44 silly install resolved     bin: { 'keybase-installer': './bin/main.js' },
44 silly install resolved     main: './lib/top.js',
44 silly install resolved     repository:
44 silly install resolved      { type: 'git',
44 silly install resolved        url: 'git://github.com/keybase/node-installer.git' },
44 silly install resolved     engineStrict: true,
44 silly install resolved     dependencies:
44 silly install resolved      { badnode: '^1.0.1',
44 silly install resolved        colors: '0.6.2',
44 silly install resolved        'gpg-wrapper': '>=1.0.0',
44 silly install resolved        'iced-data-structures': '~0.0.5',
44 silly install resolved        'iced-error': '~0.0.8',
44 silly install resolved        'iced-logger': '~0.0.1',
44 silly install resolved        'iced-runtime': '^1.0.0',
44 silly install resolved        'iced-spawn': '>=0.0.3',
44 silly install resolved        'iced-utils': '>=0.1.22',
44 silly install resolved        'keybase-path': '>=0.0.16',
44 silly install resolved        'pgp-utils': '>=0.0.8',
44 silly install resolved        progress: '1.1.3',
44 silly install resolved        request: '^2.58.0',
44 silly install resolved        semver: '>=1' },
44 silly install resolved     devDependencies: { 'iced-coffee-script': '^1.8.0-c' },
44 silly install resolved     bundleDependencies:
44 silly install resolved      [ 'badnode',
44 silly install resolved        'colors',
44 silly install resolved        'gpg-wrapper',
44 silly install resolved        'keybase-path',
44 silly install resolved        'iced-runtime',
44 silly install resolved        'iced-data-structures',
44 silly install resolved        'iced-error',
44 silly install resolved        'iced-logger',
44 silly install resolved        'iced-spawn',
44 silly install resolved        'iced-utils',
44 silly install resolved        'pgp-utils',
44 silly install resolved        'progress',
44 silly install resolved        'request',
44 silly install resolved        'semver' ],
44 silly install resolved     author: { name: 'Maxwell Krohn', email: 'themax@gmail.com' },
44 silly install resolved     license: 'BSD-3-Clause',
44 silly install resolved     bugs: { url: 'https://github.com/keybase/node-installer/issues' },
44 silly install resolved     gitHead: '5ad25f0009c415e7ed4c996918e0a9be83b24c3f',
44 silly install resolved     homepage: 'https://github.com/keybase/node-installer#readme',
44 silly install resolved     _id: 'keybase-installer@1.0.3',
44 silly install resolved     _shasum: '54a9aa5d9850f667f1c9a00609fe1faf4e8f3582',
44 silly install resolved     _from: 'keybase-installer@*',
44 silly install resolved     _npmVersion: '2.13.0',
44 silly install resolved     _nodeVersion: '0.12.2',
44 silly install resolved     _npmUser: { name: 'oconnor663', email: 'oconnor663@gmail.com' },
44 silly install resolved     dist:
44 silly install resolved      { shasum: '54a9aa5d9850f667f1c9a00609fe1faf4e8f3582',
44 silly install resolved        tarball: 'http://registry.npmjs.org/keybase-installer/-/keybase-installer-1.0.3.tgz' },
44 silly install resolved     maintainers: [ [Object], [Object] ],
44 silly install resolved     directories: {},
44 silly install resolved     _resolved: 'https://registry.npmjs.org/keybase-installer/-/keybase-installer-1.0.3.tgz' } ]
45 info install keybase-installer@1.0.3 into /usr/local/lib
46 info installOne keybase-installer@1.0.3
47 verbose installOne of keybase-installer to /usr/local/lib not in flight; installing
48 warn locking Error: EACCES, open '/Users/thomashils/.npm/_locks/keybase-installer-c03e8d5c9cca4294.lock'
48 warn locking  /Users/thomashils/.npm/_locks/keybase-installer-c03e8d5c9cca4294.lock failed { [Error: EACCES, open '/Users/thomashils/.npm/_locks/keybase-installer-c03e8d5c9cca4294.lock']
48 warn locking   errno: 3,
48 warn locking   code: 'EACCES',
48 warn locking   path: '/Users/thomashils/.npm/_locks/keybase-installer-c03e8d5c9cca4294.lock' }
49 verbose stack Error: Attempt to unlock /usr/local/lib/node_modules/keybase-installer, which hasn't been locked
49 verbose stack     at unlock (/usr/local/lib/node_modules/npm/lib/utils/locker.js:66:11)
49 verbose stack     at cb (/usr/local/lib/node_modules/npm/lib/install.js:929:5)
49 verbose stack     at /usr/local/lib/node_modules/npm/lib/install.js:933:20
49 verbose stack     at /usr/local/lib/node_modules/npm/lib/utils/locker.js:40:9
49 verbose stack     at cb (/usr/local/lib/node_modules/npm/node_modules/lockfile/lockfile.js:149:38)
49 verbose stack     at /usr/local/lib/node_modules/npm/node_modules/lockfile/lockfile.js:177:38
49 verbose stack     at Object.oncomplete (fs.js:107:15)
50 verbose cwd /Users/thomashils/projects/tjhils.github.io
51 error Darwin 15.0.0
52 error argv "node" "/usr/local/bin/npm" "install" "-g" "keybase-installer"
53 error node v0.10.33
54 error npm  v2.1.11
55 error Attempt to unlock /usr/local/lib/node_modules/keybase-installer, which hasn't been locked
56 error If you need help, you may report this error at:
56 error     <http://github.com/npm/npm/issues>
57 verbose exit [ 1, true ]
